[     389ms] [LOG] %c Console Ninja extension is connected to Next.js browser, background: rgb(30,30,30); color: rgb(255,213,92) see https://tinyurl.com/2vt8jxzw for more info. @ :0
[     761ms] [INFO] %cDownload the React DevTools for a better development experience: https://reactjs.org/link/react-devtools font-weight:bold @ webpack-internal:///(app-client)/./node_modules/next/dist/compiled/react-dom/cjs/react-dom.development.js:34531
[    1153ms] [ERROR] Failed to load resource: the server responded with a status of 500 (Internal Server Error) @ http://localhost:3000/favicon.ico:0
[    1254ms] [WARNING] Please ensure that the container has a non-static position, like 'relative', 'fixed', or 'absolute' to ensure scroll offset is calculated correctly. @ webpack-internal:///(app-client)/./node_modules/motion-utils/dist/es/warn-once.mjs:15
[    1419ms] [WARNING] Image with src "/assets/company/starbucks.png" has either width or height modified, but not the other. If you use CSS to change the size of your image, also include the styles 'width: "auto"' or 'height: "auto"' to maintain the aspect ratio. @ webpack-internal:///(app-client)/./node_modules/next/dist/shared/lib/utils/warn-once.js:10
[    1419ms] [WARNING] Image with src "/assets/company/tesla.png" has either width or height modified, but not the other. If you use CSS to change the size of your image, also include the styles 'width: "auto"' or 'height: "auto"' to maintain the aspect ratio. @ webpack-internal:///(app-client)/./node_modules/next/dist/shared/lib/utils/warn-once.js:10
[    1419ms] [WARNING] Image with src "/assets/company/shopify.png" has either width or height modified, but not the other. If you use CSS to change the size of your image, also include the styles 'width: "auto"' or 'height: "auto"' to maintain the aspect ratio. @ webpack-internal:///(app-client)/./node_modules/next/dist/shared/lib/utils/warn-once.js:10
[   71597ms] [WARNING] Image with src "/assets/company/meta.png" has either width or height modified, but not the other. If you use CSS to change the size of your image, also include the styles 'width: "auto"' or 'height: "auto"' to maintain the aspect ratio. @ webpack-internal:///(app-client)/./node_modules/next/dist/shared/lib/utils/warn-once.js:10
[  575899ms] [LOG] [Fast Refresh] rebuilding @ webpack-internal:///(app-client)/./node_modules/next/dist/client/components/react-dev-overlay/hot-reloader-client.js:228
[  625015ms] [LOG] [Fast Refresh] rebuilding @ webpack-internal:///(app-client)/./node_modules/next/dist/client/components/react-dev-overlay/hot-reloader-client.js:228
[  628590ms] [LOG] THREE.WebGLRenderer: Context Lost. @ webpack-internal:///(app-client)/./node_modules/three/build/three.module.js:16022
[  628607ms] [LOG] THREE.WebGLRenderer: Context Lost. @ webpack-internal:///(app-client)/./node_modules/three/build/three.module.js:16022
[  628618ms] [LOG] THREE.WebGLRenderer: Context Lost. @ webpack-internal:///(app-client)/./node_modules/three/build/three.module.js:16022
[  628625ms] [LOG] THREE.WebGLRenderer: Context Lost. @ webpack-internal:///(app-client)/./node_modules/three/build/three.module.js:16022
[  628625ms] [LOG] THREE.WebGLRenderer: Context Lost. @ webpack-internal:///(app-client)/./node_modules/three/build/three.module.js:16022
[  628625ms] [LOG] THREE.WebGLRenderer: Context Lost. @ webpack-internal:///(app-client)/./node_modules/three/build/three.module.js:16022
[  628625ms] [LOG] THREE.WebGLRenderer: Context Lost. @ webpack-internal:///(app-client)/./node_modules/three/build/three.module.js:16022
[  628625ms] [LOG] THREE.WebGLRenderer: Context Lost. @ webpack-internal:///(app-client)/./node_modules/three/build/three.module.js:16022
[  645593ms] [LOG] [Fast Refresh] rebuilding @ webpack-internal:///(app-client)/./node_modules/next/dist/client/components/react-dev-overlay/hot-reloader-client.js:228
[  646360ms] [LOG] [Fast Refresh] rebuilding @ webpack-internal:///(app-client)/./node_modules/next/dist/client/components/react-dev-overlay/hot-reloader-client.js:228
[  664727ms] [LOG] [Fast Refresh] rebuilding @ webpack-internal:///(app-client)/./node_modules/next/dist/client/components/react-dev-overlay/hot-reloader-client.js:228
[  684044ms] [LOG] [Fast Refresh] rebuilding @ webpack-internal:///(app-client)/./node_modules/next/dist/client/components/react-dev-overlay/hot-reloader-client.js:228
[  684651ms] [LOG] [Fast Refresh] rebuilding @ webpack-internal:///(app-client)/./node_modules/next/dist/client/components/react-dev-overlay/hot-reloader-client.js:228
[  685632ms] [WARNING] Image with src "/assets/tech/nextjs.jpeg" has either width or height modified, but not the other. If you use CSS to change the size of your image, also include the styles 'width: "auto"' or 'height: "auto"' to maintain the aspect ratio. @ webpack-internal:///(app-client)/./node_modules/next/dist/shared/lib/utils/warn-once.js:10
[  685635ms] [WARNING] Image with src "/assets/tech/reactjs.png" has either width or height modified, but not the other. If you use CSS to change the size of your image, also include the styles 'width: "auto"' or 'height: "auto"' to maintain the aspect ratio. @ webpack-internal:///(app-client)/./node_modules/next/dist/shared/lib/utils/warn-once.js:10
[  702791ms] [LOG] [Fast Refresh] rebuilding @ webpack-internal:///(app-client)/./node_modules/next/dist/client/components/react-dev-overlay/hot-reloader-client.js:228
[  722439ms] [LOG] [Fast Refresh] rebuilding @ webpack-internal:///(app-client)/./node_modules/next/dist/client/components/react-dev-overlay/hot-reloader-client.js:228
[  725298ms] [LOG] THREE.WebGLRenderer: Context Lost. @ webpack-internal:///(app-client)/./node_modules/three/build/three.module.js:16022
