[     667ms] [LOG] %c Console Ninja extension is connected to Next.js browser, background: rgb(30,30,30); color: rgb(255,213,92) see https://tinyurl.com/2vt8jxzw for more info. @ :0
[     944ms] [INFO] %cDownload the React DevTools for a better development experience: https://reactjs.org/link/react-devtools font-weight:bold @ webpack-internal:///(app-client)/./node_modules/next/dist/compiled/react-dom/cjs/react-dom.development.js:34531
[    1208ms] [LOG] [Fast Refresh] rebuilding @ webpack-internal:///(app-client)/./node_modules/next/dist/client/components/react-dev-overlay/hot-reloader-client.js:228
[    1407ms] [WARNING] Please ensure that the container has a non-static position, like 'relative', 'fixed', or 'absolute' to ensure scroll offset is calculated correctly. @ webpack-internal:///(app-client)/./node_modules/motion-utils/dist/es/warn-once.mjs:15
[    1693ms] [ERROR] Failed to load resource: the server responded with a status of 500 (Internal Server Error) @ http://localhost:3000/favicon.ico:0
[    1818ms] [WARNING] Image with src "/assets/tech/reactjs.png" has either width or height modified, but not the other. If you use CSS to change the size of your image, also include the styles 'width: "auto"' or 'height: "auto"' to maintain the aspect ratio. @ webpack-internal:///(app-client)/./node_modules/next/dist/shared/lib/utils/warn-once.js:10
[    1818ms] [WARNING] Image with src "/assets/tech/nextjs.jpeg" has either width or height modified, but not the other. If you use CSS to change the size of your image, also include the styles 'width: "auto"' or 'height: "auto"' to maintain the aspect ratio. @ webpack-internal:///(app-client)/./node_modules/next/dist/shared/lib/utils/warn-once.js:10
[    1818ms] [WARNING] Image with src "/assets/tech/mysql.png" has either width or height modified, but not the other. If you use CSS to change the size of your image, also include the styles 'width: "auto"' or 'height: "auto"' to maintain the aspect ratio. @ webpack-internal:///(app-client)/./node_modules/next/dist/shared/lib/utils/warn-once.js:10
[   36928ms] [WARNING] Image with src "/assets/tech/typescript.png" has either width or height modified, but not the other. If you use CSS to change the size of your image, also include the styles 'width: "auto"' or 'height: "auto"' to maintain the aspect ratio. @ webpack-internal:///(app-client)/./node_modules/next/dist/shared/lib/utils/warn-once.js:10
[  240965ms] [LOG] [Fast Refresh] rebuilding @ webpack-internal:///(app-client)/./node_modules/next/dist/client/components/react-dev-overlay/hot-reloader-client.js:228
[  241919ms] [LOG] [Fast Refresh] rebuilding @ webpack-internal:///(app-client)/./node_modules/next/dist/client/components/react-dev-overlay/hot-reloader-client.js:228
[  243694ms] [ERROR] Warning: Cannot update a component (`%s`) while rendering a different component (`%s`). To locate the bad setState() call inside `%s`, follow the stack trace as described in https://reactjs.org/link/setstate-in-render%s HotReload Home Home 
    at Home (webpack-internal:///(app-client)/./src/app/page.jsx:187:107)
    at commitLayoutEffectOnFiber (webpack-internal:///(app-client)/./node_modules/next/dist/compiled/react-dom/cjs/react-dom.development.js:26722:9)
    at InnerLayoutRouter (webpack-internal:///(app-client)/./node_modules/next/dist/client/components/layout-router.js:195:11)
    at commitLayoutEffectOnFiber (webpack-internal:///(app-client)/./node_modules/next/dist/compiled/react-dom/cjs/react-dom.development.js:26722:9)
    at RedirectBoundary (webpack-internal:///(app-client)/./node_modules/next/dist/client/components/layout-router.js:368:11)
    at commitLayoutEffectOnFiber (webpack-internal:///(app-client)/./node_modules/next/dist/compiled/react-dom/cjs/react-dom.development.js:26722:9)
    at NotFoundBoundary (webpack-internal:///(app-client)/./node_modules/next/dist/client/components/layout-router.js:404:11)
    at Suspense
    at LoadingBoundary (webpack-internal:///(app-client)/./node_modules/next/dist/client/components/layout-router.js:317:11)
    at ErrorBoundary (webpack-internal:///(app-client)/./node_modules/next/dist/client/components/error-boundary.js:72:11)
    at RenderFromTemplateContext (webpack-internal:///(app-client)/./node_modules/next/dist/client/components/render-from-template-context.js:12:34)
    at div
    at MotionDOMComponent (webpack-internal:///(app-client)/./node_modules/framer-motion/dist/es/motion/index.mjs:64:65)
    at Template (webpack-internal:///(app-client)/./src/app/template.jsx:14:11)
    at OuterLayoutRouter (webpack-internal:///(app-client)/./node_modules/next/dist/client/components/layout-router.js:23:11)
    at LenisProvider (webpack-internal:///(app-client)/./src/app/components/LenisProvider.jsx:14:11)
    at body
    at html
    at commitLayoutEffectOnFiber (webpack-internal:///(app-client)/./node_modules/next/dist/compiled/react-dom/cjs/react-dom.development.js:26722:9)
    at HotReload (webpack-internal:///(app-client)/./node_modules/next/dist/client/components/react-dev-overlay/hot-reloader-client.js:20:11)
    at Router (webpack-internal:///(app-client)/./node_modules/next/dist/client/components/app-router.js:48:11)
    at commitLayoutEffectOnFiber (webpack-internal:///(app-client)/./node_modules/next/dist/compiled/react-dom/cjs/react-dom.development.js:26722:9)
    at ErrorBoundary (webpack-internal:///(app-client)/./node_modules/next/dist/client/components/error-boundary.js:72:11)
    at AppRouter (webpack-internal:///(app-client)/./node_modules/next/dist/client/components/app-router.js:24:13)
    at ServerRoot (webpack-internal:///(app-client)/./node_modules/next/dist/client/app-index.js:147:11)
    at RSCComponent
    at Root (webpack-internal:///(app-client)/./node_modules/next/dist/client/app-index.js:164:11) @ :0
[  243698ms] ReferenceError: DynamicStars is not defined
    at Home (webpack-internal:///(app-client)/./src/app/page.jsx:187:107)
    at renderWithHooks (webpack-internal:///(app-client)/./node_modules/next/dist/compiled/react-dom/cjs/react-dom.development.js:17498:18)
    at updateFunctionComponent (webpack-internal:///(app-client)/./node_modules/next/dist/compiled/react-dom/cjs/react-dom.development.js:21990:20)
    at beginWork$1 (webpack-internal:///(app-client)/./node_modules/next/dist/compiled/react-dom/cjs/react-dom.development.js:24142:16)
    at HTMLUnknownElement.callCallback (webpack-internal:///(app-client)/./node_modules/next/dist/compiled/react-dom/cjs/react-dom.development.js:4443:14)
    at Object.invokeGuardedCallbackDev (webpack-internal:///(app-client)/./node_modules/next/dist/compiled/react-dom/cjs/react-dom.development.js:4492:16)
    at invokeGuardedCallback (webpack-internal:///(app-client)/./node_modules/next/dist/compiled/react-dom/cjs/react-dom.development.js:4556:31)
    at beginWork (webpack-internal:///(app-client)/./node_modules/next/dist/compiled/react-dom/cjs/react-dom.development.js:32062:7)
    at performUnitOfWork (webpack-internal:///(app-client)/./node_modules/next/dist/compiled/react-dom/cjs/react-dom.development.js:30938:12)
    at workLoopSync (webpack-internal:///(app-client)/./node_modules/next/dist/compiled/react-dom/cjs/react-dom.development.js:30724:5)
    at renderRootSync (webpack-internal:///(app-client)/./node_modules/next/dist/compiled/react-dom/cjs/react-dom.development.js:30689:7)
    at performSyncWorkOnRoot (webpack-internal:///(app-client)/./node_modules/next/dist/compiled/react-dom/cjs/react-dom.development.js:30196:20)
    at flushSyncCallbacks (webpack-internal:///(app-client)/./node_modules/next/dist/compiled/react-dom/cjs/react-dom.development.js:13830:22)
    at flushSync$1 (webpack-internal:///(app-client)/./node_modules/next/dist/compiled/react-dom/cjs/react-dom.development.js:30323:7)
    at Object.scheduleRefresh (webpack-internal:///(app-client)/./node_modules/next/dist/compiled/react-dom/cjs/react-dom.development.js:32407:5)
    at eval (webpack-internal:///(app-client)/./node_modules/next/dist/compiled/react-refresh/cjs/react-refresh-runtime.development.js:265:17)
    at Set.forEach (<anonymous>)
    at Object.performReactRefresh (webpack-internal:///(app-client)/./node_modules/next/dist/compiled/react-refresh/cjs/react-refresh-runtime.development.js:254:26)
    at applyUpdate (webpack-internal:///(app-client)/./node_modules/next/dist/compiled/@next/react-refresh-utils/dist/internal/helpers.js:123:31)
    at statusHandler (webpack-internal:///(app-client)/./node_modules/next/dist/compiled/@next/react-refresh-utils/dist/internal/helpers.js:140:13)
    at setStatus (http://localhost:3000/_next/static/chunks/webpack.js:516:55)
    at http://localhost:3000/_next/static/chunks/webpack.js:687:21
[  243699ms] ReferenceError: DynamicStars is not defined
    at Home (webpack-internal:///(app-client)/./src/app/page.jsx:187:107)
    at renderWithHooks (webpack-internal:///(app-client)/./node_modules/next/dist/compiled/react-dom/cjs/react-dom.development.js:17498:18)
    at updateFunctionComponent (webpack-internal:///(app-client)/./node_modules/next/dist/compiled/react-dom/cjs/react-dom.development.js:21990:20)
    at beginWork$1 (webpack-internal:///(app-client)/./node_modules/next/dist/compiled/react-dom/cjs/react-dom.development.js:24142:16)
    at beginWork (webpack-internal:///(app-client)/./node_modules/next/dist/compiled/react-dom/cjs/react-dom.development.js:32040:14)
    at performUnitOfWork (webpack-internal:///(app-client)/./node_modules/next/dist/compiled/react-dom/cjs/react-dom.development.js:30938:12)
    at workLoopSync (webpack-internal:///(app-client)/./node_modules/next/dist/compiled/react-dom/cjs/react-dom.development.js:30724:5)
    at renderRootSync (webpack-internal:///(app-client)/./node_modules/next/dist/compiled/react-dom/cjs/react-dom.development.js:30689:7)
    at performSyncWorkOnRoot (webpack-internal:///(app-client)/./node_modules/next/dist/compiled/react-dom/cjs/react-dom.development.js:30196:20)
    at flushSyncCallbacks (webpack-internal:///(app-client)/./node_modules/next/dist/compiled/react-dom/cjs/react-dom.development.js:13830:22)
    at flushSync$1 (webpack-internal:///(app-client)/./node_modules/next/dist/compiled/react-dom/cjs/react-dom.development.js:30323:7)
    at Object.scheduleRefresh (webpack-internal:///(app-client)/./node_modules/next/dist/compiled/react-dom/cjs/react-dom.development.js:32407:5)
    at eval (webpack-internal:///(app-client)/./node_modules/next/dist/compiled/react-refresh/cjs/react-refresh-runtime.development.js:265:17)
    at Set.forEach (<anonymous>)
    at Object.performReactRefresh (webpack-internal:///(app-client)/./node_modules/next/dist/compiled/react-refresh/cjs/react-refresh-runtime.development.js:254:26)
    at applyUpdate (webpack-internal:///(app-client)/./node_modules/next/dist/compiled/@next/react-refresh-utils/dist/internal/helpers.js:123:31)
    at statusHandler (webpack-internal:///(app-client)/./node_modules/next/dist/compiled/@next/react-refresh-utils/dist/internal/helpers.js:140:13)
    at setStatus (http://localhost:3000/_next/static/chunks/webpack.js:516:55)
    at http://localhost:3000/_next/static/chunks/webpack.js:687:21
[  243700ms] ReferenceError: DynamicStars is not defined
    at Home (webpack-internal:///(app-client)/./src/app/page.jsx:187:107)
    at renderWithHooks (webpack-internal:///(app-client)/./node_modules/next/dist/compiled/react-dom/cjs/react-dom.development.js:17498:18)
    at updateFunctionComponent (webpack-internal:///(app-client)/./node_modules/next/dist/compiled/react-dom/cjs/react-dom.development.js:21990:20)
    at beginWork$1 (webpack-internal:///(app-client)/./node_modules/next/dist/compiled/react-dom/cjs/react-dom.development.js:24142:16)
    at beginWork (webpack-internal:///(app-client)/./node_modules/next/dist/compiled/react-dom/cjs/react-dom.development.js:32040:14)
    at performUnitOfWork (webpack-internal:///(app-client)/./node_modules/next/dist/compiled/react-dom/cjs/react-dom.development.js:30938:12)
    at workLoopSync (webpack-internal:///(app-client)/./node_modules/next/dist/compiled/react-dom/cjs/react-dom.development.js:30724:5)
    at renderRootSync (webpack-internal:///(app-client)/./node_modules/next/dist/compiled/react-dom/cjs/react-dom.development.js:30689:7)
    at performSyncWorkOnRoot (webpack-internal:///(app-client)/./node_modules/next/dist/compiled/react-dom/cjs/react-dom.development.js:30196:20)
    at flushSyncCallbacks (webpack-internal:///(app-client)/./node_modules/next/dist/compiled/react-dom/cjs/react-dom.development.js:13830:22)
    at flushSync$1 (webpack-internal:///(app-client)/./node_modules/next/dist/compiled/react-dom/cjs/react-dom.development.js:30323:7)
    at Object.scheduleRefresh (webpack-internal:///(app-client)/./node_modules/next/dist/compiled/react-dom/cjs/react-dom.development.js:32407:5)
    at eval (webpack-internal:///(app-client)/./node_modules/next/dist/compiled/react-refresh/cjs/react-refresh-runtime.development.js:265:17)
    at Set.forEach (<anonymous>)
    at Object.performReactRefresh (webpack-internal:///(app-client)/./node_modules/next/dist/compiled/react-refresh/cjs/react-refresh-runtime.development.js:254:26)
    at applyUpdate (webpack-internal:///(app-client)/./node_modules/next/dist/compiled/@next/react-refresh-utils/dist/internal/helpers.js:123:31)
    at statusHandler (webpack-internal:///(app-client)/./node_modules/next/dist/compiled/@next/react-refresh-utils/dist/internal/helpers.js:140:13)
    at setStatus (http://localhost:3000/_next/static/chunks/webpack.js:516:55)
    at http://localhost:3000/_next/static/chunks/webpack.js:687:21
[  243703ms] ReferenceError: DynamicStars is not defined
    at Home (webpack-internal:///(app-client)/./src/app/page.jsx:187:107)
    at renderWithHooks (webpack-internal:///(app-client)/./node_modules/next/dist/compiled/react-dom/cjs/react-dom.development.js:17498:18)
    at updateFunctionComponent (webpack-internal:///(app-client)/./node_modules/next/dist/compiled/react-dom/cjs/react-dom.development.js:21990:20)
    at beginWork$1 (webpack-internal:///(app-client)/./node_modules/next/dist/compiled/react-dom/cjs/react-dom.development.js:24142:16)
    at HTMLUnknownElement.callCallback (webpack-internal:///(app-client)/./node_modules/next/dist/compiled/react-dom/cjs/react-dom.development.js:4443:14)
    at Object.invokeGuardedCallbackDev (webpack-internal:///(app-client)/./node_modules/next/dist/compiled/react-dom/cjs/react-dom.development.js:4492:16)
    at invokeGuardedCallback (webpack-internal:///(app-client)/./node_modules/next/dist/compiled/react-dom/cjs/react-dom.development.js:4556:31)
    at beginWork (webpack-internal:///(app-client)/./node_modules/next/dist/compiled/react-dom/cjs/react-dom.development.js:32062:7)
    at performUnitOfWork (webpack-internal:///(app-client)/./node_modules/next/dist/compiled/react-dom/cjs/react-dom.development.js:30938:12)
    at workLoopSync (webpack-internal:///(app-client)/./node_modules/next/dist/compiled/react-dom/cjs/react-dom.development.js:30724:5)
    at renderRootSync (webpack-internal:///(app-client)/./node_modules/next/dist/compiled/react-dom/cjs/react-dom.development.js:30689:7)
    at performSyncWorkOnRoot (webpack-internal:///(app-client)/./node_modules/next/dist/compiled/react-dom/cjs/react-dom.development.js:30196:20)
    at flushSyncCallbacks (webpack-internal:///(app-client)/./node_modules/next/dist/compiled/react-dom/cjs/react-dom.development.js:13830:22)
    at flushSync$1 (webpack-internal:///(app-client)/./node_modules/next/dist/compiled/react-dom/cjs/react-dom.development.js:30323:7)
    at Object.scheduleRefresh (webpack-internal:///(app-client)/./node_modules/next/dist/compiled/react-dom/cjs/react-dom.development.js:32407:5)
    at eval (webpack-internal:///(app-client)/./node_modules/next/dist/compiled/react-refresh/cjs/react-refresh-runtime.development.js:265:17)
    at Set.forEach (<anonymous>)
    at Object.performReactRefresh (webpack-internal:///(app-client)/./node_modules/next/dist/compiled/react-refresh/cjs/react-refresh-runtime.development.js:254:26)
    at applyUpdate (webpack-internal:///(app-client)/./node_modules/next/dist/compiled/@next/react-refresh-utils/dist/internal/helpers.js:123:31)
    at statusHandler (webpack-internal:///(app-client)/./node_modules/next/dist/compiled/@next/react-refresh-utils/dist/internal/helpers.js:140:13)
    at setStatus (http://localhost:3000/_next/static/chunks/webpack.js:516:55)
    at http://localhost:3000/_next/static/chunks/webpack.js:687:21
[  243704ms] ReferenceError: DynamicStars is not defined
    at Home (webpack-internal:///(app-client)/./src/app/page.jsx:187:107)
    at renderWithHooks (webpack-internal:///(app-client)/./node_modules/next/dist/compiled/react-dom/cjs/react-dom.development.js:17498:18)
    at updateFunctionComponent (webpack-internal:///(app-client)/./node_modules/next/dist/compiled/react-dom/cjs/react-dom.development.js:21990:20)
    at beginWork$1 (webpack-internal:///(app-client)/./node_modules/next/dist/compiled/react-dom/cjs/react-dom.development.js:24142:16)
    at beginWork (webpack-internal:///(app-client)/./node_modules/next/dist/compiled/react-dom/cjs/react-dom.development.js:32040:14)
    at performUnitOfWork (webpack-internal:///(app-client)/./node_modules/next/dist/compiled/react-dom/cjs/react-dom.development.js:30938:12)
    at workLoopSync (webpack-internal:///(app-client)/./node_modules/next/dist/compiled/react-dom/cjs/react-dom.development.js:30724:5)
    at renderRootSync (webpack-internal:///(app-client)/./node_modules/next/dist/compiled/react-dom/cjs/react-dom.development.js:30689:7)
    at performSyncWorkOnRoot (webpack-internal:///(app-client)/./node_modules/next/dist/compiled/react-dom/cjs/react-dom.development.js:30196:20)
    at flushSyncCallbacks (webpack-internal:///(app-client)/./node_modules/next/dist/compiled/react-dom/cjs/react-dom.development.js:13830:22)
    at flushSync$1 (webpack-internal:///(app-client)/./node_modules/next/dist/compiled/react-dom/cjs/react-dom.development.js:30323:7)
    at Object.scheduleRefresh (webpack-internal:///(app-client)/./node_modules/next/dist/compiled/react-dom/cjs/react-dom.development.js:32407:5)
    at eval (webpack-internal:///(app-client)/./node_modules/next/dist/compiled/react-refresh/cjs/react-refresh-runtime.development.js:265:17)
    at Set.forEach (<anonymous>)
    at Object.performReactRefresh (webpack-internal:///(app-client)/./node_modules/next/dist/compiled/react-refresh/cjs/react-refresh-runtime.development.js:254:26)
    at applyUpdate (webpack-internal:///(app-client)/./node_modules/next/dist/compiled/@next/react-refresh-utils/dist/internal/helpers.js:123:31)
    at statusHandler (webpack-internal:///(app-client)/./node_modules/next/dist/compiled/@next/react-refresh-utils/dist/internal/helpers.js:140:13)
    at setStatus (http://localhost:3000/_next/static/chunks/webpack.js:516:55)
    at http://localhost:3000/_next/static/chunks/webpack.js:687:21
[  243704ms] ReferenceError: DynamicStars is not defined
    at Home (webpack-internal:///(app-client)/./src/app/page.jsx:187:107)
    at renderWithHooks (webpack-internal:///(app-client)/./node_modules/next/dist/compiled/react-dom/cjs/react-dom.development.js:17498:18)
    at updateFunctionComponent (webpack-internal:///(app-client)/./node_modules/next/dist/compiled/react-dom/cjs/react-dom.development.js:21990:20)
    at beginWork$1 (webpack-internal:///(app-client)/./node_modules/next/dist/compiled/react-dom/cjs/react-dom.development.js:24142:16)
    at beginWork (webpack-internal:///(app-client)/./node_modules/next/dist/compiled/react-dom/cjs/react-dom.development.js:32040:14)
    at performUnitOfWork (webpack-internal:///(app-client)/./node_modules/next/dist/compiled/react-dom/cjs/react-dom.development.js:30938:12)
    at workLoopSync (webpack-internal:///(app-client)/./node_modules/next/dist/compiled/react-dom/cjs/react-dom.development.js:30724:5)
    at renderRootSync (webpack-internal:///(app-client)/./node_modules/next/dist/compiled/react-dom/cjs/react-dom.development.js:30689:7)
    at performSyncWorkOnRoot (webpack-internal:///(app-client)/./node_modules/next/dist/compiled/react-dom/cjs/react-dom.development.js:30196:20)
    at flushSyncCallbacks (webpack-internal:///(app-client)/./node_modules/next/dist/compiled/react-dom/cjs/react-dom.development.js:13830:22)
    at flushSync$1 (webpack-internal:///(app-client)/./node_modules/next/dist/compiled/react-dom/cjs/react-dom.development.js:30323:7)
    at Object.scheduleRefresh (webpack-internal:///(app-client)/./node_modules/next/dist/compiled/react-dom/cjs/react-dom.development.js:32407:5)
    at eval (webpack-internal:///(app-client)/./node_modules/next/dist/compiled/react-refresh/cjs/react-refresh-runtime.development.js:265:17)
    at Set.forEach (<anonymous>)
    at Object.performReactRefresh (webpack-internal:///(app-client)/./node_modules/next/dist/compiled/react-refresh/cjs/react-refresh-runtime.development.js:254:26)
    at applyUpdate (webpack-internal:///(app-client)/./node_modules/next/dist/compiled/@next/react-refresh-utils/dist/internal/helpers.js:123:31)
    at statusHandler (webpack-internal:///(app-client)/./node_modules/next/dist/compiled/@next/react-refresh-utils/dist/internal/helpers.js:140:13)
    at setStatus (http://localhost:3000/_next/static/chunks/webpack.js:516:55)
    at http://localhost:3000/_next/static/chunks/webpack.js:687:21
[  243719ms] [ERROR] The above error occurred in the <NotFoundErrorBoundary> component:

    at commitLayoutEffectOnFiber (webpack-internal:///(app-client)/./node_modules/next/dist/compiled/react-dom/cjs/react-dom.development.js:26722:9)
    at NotFoundBoundary (webpack-internal:///(app-client)/./node_modules/next/dist/client/components/layout-router.js:404:11)
    at Suspense
    at LoadingBoundary (webpack-internal:///(app-client)/./node_modules/next/dist/client/components/layout-router.js:317:11)
    at ErrorBoundary (webpack-internal:///(app-client)/./node_modules/next/dist/client/components/error-boundary.js:72:11)
    at RenderFromTemplateContext (webpack-internal:///(app-client)/./node_modules/next/dist/client/components/render-from-template-context.js:12:34)
    at div
    at MotionDOMComponent (webpack-internal:///(app-client)/./node_modules/framer-motion/dist/es/motion/index.mjs:64:65)
    at Template (webpack-internal:///(app-client)/./src/app/template.jsx:14:11)
    at OuterLayoutRouter (webpack-internal:///(app-client)/./node_modules/next/dist/client/components/layout-router.js:23:11)
    at LenisProvider (webpack-internal:///(app-client)/./src/app/components/LenisProvider.jsx:14:11)
    at body
    at html
    at commitLayoutEffectOnFiber (webpack-internal:///(app-client)/./node_modules/next/dist/compiled/react-dom/cjs/react-dom.development.js:26722:9)
    at HotReload (webpack-internal:///(app-client)/./node_modules/next/dist/client/components/react-dev-overlay/hot-reloader-client.js:20:11)
    at Router (webpack-internal:///(app-client)/./node_modules/next/dist/client/components/app-router.js:48:11)
    at commitLayoutEffectOnFiber (webpack-internal:///(app-client)/./node_modules/next/dist/compiled/react-dom/cjs/react-dom.development.js:26722:9)
    at ErrorBoundary (webpack-internal:///(app-client)/./node_modules/next/dist/client/components/error-boundary.js:72:11)
    at AppRouter (webpack-internal:///(app-client)/./node_modules/next/dist/client/components/app-router.js:24:13)
    at ServerRoot (webpack-internal:///(app-client)/./node_modules/next/dist/client/app-index.js:147:11)
    at RSCComponent
    at Root (webpack-internal:///(app-client)/./node_modules/next/dist/client/app-index.js:164:11)

React will try to recreate this component tree from scratch using the error boundary you provided, ReactDevOverlay. @ :0
[  243743ms] [WARNING] [Fast Refresh] performing full reload because your application had an unrecoverable error @ webpack-internal:///(app-client)/./node_modules/next/dist/client/components/react-dev-overlay/hot-reloader-client.js:186
[  244218ms] [LOG] %c Console Ninja extension is connected to Next.js browser, background: rgb(30,30,30); color: rgb(255,213,92) see https://tinyurl.com/2vt8jxzw for more info. @ :0
[  244688ms] [INFO] %cDownload the React DevTools for a better development experience: https://reactjs.org/link/react-devtools font-weight:bold @ webpack-internal:///(app-client)/./node_modules/next/dist/compiled/react-dom/cjs/react-dom.development.js:34531
[  244856ms] Error: DynamicStars is not defined
    at updateDehydratedSuspenseComponent (webpack-internal:///(app-client)/./node_modules/next/dist/compiled/react-dom/cjs/react-dom.development.js:23164:17)
    at updateSuspenseComponent (webpack-internal:///(app-client)/./node_modules/next/dist/compiled/react-dom/cjs/react-dom.development.js:22864:16)
    at beginWork$1 (webpack-internal:///(app-client)/./node_modules/next/dist/compiled/react-dom/cjs/react-dom.development.js:24179:14)
    at beginWork (webpack-internal:///(app-client)/./node_modules/next/dist/compiled/react-dom/cjs/react-dom.development.js:32040:14)
    at performUnitOfWork (webpack-internal:///(app-client)/./node_modules/next/dist/compiled/react-dom/cjs/react-dom.development.js:30938:12)
    at workLoopSync (webpack-internal:///(app-client)/./node_modules/next/dist/compiled/react-dom/cjs/react-dom.development.js:30724:5)
    at renderRootSync (webpack-internal:///(app-client)/./node_modules/next/dist/compiled/react-dom/cjs/react-dom.development.js:30689:7)
    at performConcurrentWorkOnRoot (webpack-internal:///(app-client)/./node_modules/next/dist/compiled/react-dom/cjs/react-dom.development.js:29836:74)
    at workLoop (webpack-internal:///(app-client)/./node_modules/next/dist/compiled/scheduler/index.js:11:3897)
    at flushWork (webpack-internal:///(app-client)/./node_modules/next/dist/compiled/scheduler/index.js:11:3606)
    at MessagePort.performWorkUntilDeadline (webpack-internal:///(app-client)/./node_modules/next/dist/compiled/scheduler/index.js:11:1787)
[  245053ms] [ERROR] Warning: Cannot update a component (`%s`) while rendering a different component (`%s`). To locate the bad setState() call inside `%s`, follow the stack trace as described in https://reactjs.org/link/setstate-in-render%s HotReload Home Home 
    at Home (webpack-internal:///(app-client)/./src/app/page.jsx:187:107)
    at ScrollAndFocusHandler (webpack-internal:///(app-client)/./node_modules/next/dist/client/components/layout-router.js:153:1)
    at InnerLayoutRouter (webpack-internal:///(app-client)/./node_modules/next/dist/client/components/layout-router.js:195:11)
    at RedirectErrorBoundary (webpack-internal:///(app-client)/./node_modules/next/dist/client/components/layout-router.js:361:9)
    at RedirectBoundary (webpack-internal:///(app-client)/./node_modules/next/dist/client/components/layout-router.js:368:11)
    at NotFoundErrorBoundary (webpack-internal:///(app-client)/./node_modules/next/dist/client/components/layout-router.js:397:9)
    at NotFoundBoundary (webpack-internal:///(app-client)/./node_modules/next/dist/client/components/layout-router.js:404:11)
    at Suspense
    at LoadingBoundary (webpack-internal:///(app-client)/./node_modules/next/dist/client/components/layout-router.js:317:11)
    at ErrorBoundary (webpack-internal:///(app-client)/./node_modules/next/dist/client/components/error-boundary.js:72:11)
    at RenderFromTemplateContext (webpack-internal:///(app-client)/./node_modules/next/dist/client/components/render-from-template-context.js:12:34)
    at div
    at MotionDOMComponent (webpack-internal:///(app-client)/./node_modules/framer-motion/dist/es/motion/index.mjs:64:65)
    at Template (webpack-internal:///(app-client)/./src/app/template.jsx:14:11)
    at OuterLayoutRouter (webpack-internal:///(app-client)/./node_modules/next/dist/client/components/layout-router.js:23:11)
    at LenisProvider (webpack-internal:///(app-client)/./src/app/components/LenisProvider.jsx:14:11)
    at body
    at html
    at ReactDevOverlay (webpack-internal:///(app-client)/./node_modules/next/dist/client/components/react-dev-overlay/internal/ReactDevOverlay.js:61:9)
    at HotReload (webpack-internal:///(app-client)/./node_modules/next/dist/client/components/react-dev-overlay/hot-reloader-client.js:20:11)
    at Router (webpack-internal:///(app-client)/./node_modules/next/dist/client/components/app-router.js:48:11)
    at ErrorBoundaryHandler (webpack-internal:///(app-client)/./node_modules/next/dist/client/components/error-boundary.js:59:9)
    at ErrorBoundary (webpack-internal:///(app-client)/./node_modules/next/dist/client/components/error-boundary.js:72:11)
    at AppRouter (webpack-internal:///(app-client)/./node_modules/next/dist/client/components/app-router.js:24:13)
    at ServerRoot (webpack-internal:///(app-client)/./node_modules/next/dist/client/app-index.js:147:11)
    at RSCComponent
    at Root (webpack-internal:///(app-client)/./node_modules/next/dist/client/app-index.js:164:11) @ :0
[  245055ms] ReferenceError: DynamicStars is not defined
    at Home (webpack-internal:///(app-client)/./src/app/page.jsx:187:107)
    at renderWithHooks (webpack-internal:///(app-client)/./node_modules/next/dist/compiled/react-dom/cjs/react-dom.development.js:17498:18)
    at updateFunctionComponent (webpack-internal:///(app-client)/./node_modules/next/dist/compiled/react-dom/cjs/react-dom.development.js:21990:20)
    at mountLazyComponent (webpack-internal:///(app-client)/./node_modules/next/dist/compiled/react-dom/cjs/react-dom.development.js:22438:17)
    at beginWork$1 (webpack-internal:///(app-client)/./node_modules/next/dist/compiled/react-dom/cjs/react-dom.development.js:24134:16)
    at HTMLUnknownElement.callCallback (webpack-internal:///(app-client)/./node_modules/next/dist/compiled/react-dom/cjs/react-dom.development.js:4443:14)
    at Object.invokeGuardedCallbackDev (webpack-internal:///(app-client)/./node_modules/next/dist/compiled/react-dom/cjs/react-dom.development.js:4492:16)
    at invokeGuardedCallback (webpack-internal:///(app-client)/./node_modules/next/dist/compiled/react-dom/cjs/react-dom.development.js:4556:31)
    at beginWork (webpack-internal:///(app-client)/./node_modules/next/dist/compiled/react-dom/cjs/react-dom.development.js:32062:7)
    at performUnitOfWork (webpack-internal:///(app-client)/./node_modules/next/dist/compiled/react-dom/cjs/react-dom.development.js:30938:12)
    at workLoopConcurrent (webpack-internal:///(app-client)/./node_modules/next/dist/compiled/react-dom/cjs/react-dom.development.js:30924:5)
    at renderRootConcurrent (webpack-internal:///(app-client)/./node_modules/next/dist/compiled/react-dom/cjs/react-dom.development.js:30880:9)
    at performConcurrentWorkOnRoot (webpack-internal:///(app-client)/./node_modules/next/dist/compiled/react-dom/cjs/react-dom.development.js:29836:38)
    at workLoop (webpack-internal:///(app-client)/./node_modules/next/dist/compiled/scheduler/index.js:11:3897)
    at flushWork (webpack-internal:///(app-client)/./node_modules/next/dist/compiled/scheduler/index.js:11:3606)
    at MessagePort.performWorkUntilDeadline (webpack-internal:///(app-client)/./node_modules/next/dist/compiled/scheduler/index.js:11:1787)
[  245058ms] ReferenceError: DynamicStars is not defined
    at Home (webpack-internal:///(app-client)/./src/app/page.jsx:187:107)
    at renderWithHooks (webpack-internal:///(app-client)/./node_modules/next/dist/compiled/react-dom/cjs/react-dom.development.js:17498:18)
    at updateFunctionComponent (webpack-internal:///(app-client)/./node_modules/next/dist/compiled/react-dom/cjs/react-dom.development.js:21990:20)
    at mountLazyComponent (webpack-internal:///(app-client)/./node_modules/next/dist/compiled/react-dom/cjs/react-dom.development.js:22438:17)
    at beginWork$1 (webpack-internal:///(app-client)/./node_modules/next/dist/compiled/react-dom/cjs/react-dom.development.js:24134:16)
    at beginWork (webpack-internal:///(app-client)/./node_modules/next/dist/compiled/react-dom/cjs/react-dom.development.js:32040:14)
    at performUnitOfWork (webpack-internal:///(app-client)/./node_modules/next/dist/compiled/react-dom/cjs/react-dom.development.js:30938:12)
    at workLoopConcurrent (webpack-internal:///(app-client)/./node_modules/next/dist/compiled/react-dom/cjs/react-dom.development.js:30924:5)
    at renderRootConcurrent (webpack-internal:///(app-client)/./node_modules/next/dist/compiled/react-dom/cjs/react-dom.development.js:30880:9)
    at performConcurrentWorkOnRoot (webpack-internal:///(app-client)/./node_modules/next/dist/compiled/react-dom/cjs/react-dom.development.js:29836:38)
    at workLoop (webpack-internal:///(app-client)/./node_modules/next/dist/compiled/scheduler/index.js:11:3897)
    at flushWork (webpack-internal:///(app-client)/./node_modules/next/dist/compiled/scheduler/index.js:11:3606)
    at MessagePort.performWorkUntilDeadline (webpack-internal:///(app-client)/./node_modules/next/dist/compiled/scheduler/index.js:11:1787)
[  245059ms] ReferenceError: DynamicStars is not defined
    at Home (webpack-internal:///(app-client)/./src/app/page.jsx:187:107)
    at renderWithHooks (webpack-internal:///(app-client)/./node_modules/next/dist/compiled/react-dom/cjs/react-dom.development.js:17498:18)
    at updateFunctionComponent (webpack-internal:///(app-client)/./node_modules/next/dist/compiled/react-dom/cjs/react-dom.development.js:21990:20)
    at mountLazyComponent (webpack-internal:///(app-client)/./node_modules/next/dist/compiled/react-dom/cjs/react-dom.development.js:22438:17)
    at beginWork$1 (webpack-internal:///(app-client)/./node_modules/next/dist/compiled/react-dom/cjs/react-dom.development.js:24134:16)
    at beginWork (webpack-internal:///(app-client)/./node_modules/next/dist/compiled/react-dom/cjs/react-dom.development.js:32040:14)
    at performUnitOfWork (webpack-internal:///(app-client)/./node_modules/next/dist/compiled/react-dom/cjs/react-dom.development.js:30938:12)
    at workLoopConcurrent (webpack-internal:///(app-client)/./node_modules/next/dist/compiled/react-dom/cjs/react-dom.development.js:30924:5)
    at renderRootConcurrent (webpack-internal:///(app-client)/./node_modules/next/dist/compiled/react-dom/cjs/react-dom.development.js:30880:9)
    at performConcurrentWorkOnRoot (webpack-internal:///(app-client)/./node_modules/next/dist/compiled/react-dom/cjs/react-dom.development.js:29836:38)
    at workLoop (webpack-internal:///(app-client)/./node_modules/next/dist/compiled/scheduler/index.js:11:3897)
    at flushWork (webpack-internal:///(app-client)/./node_modules/next/dist/compiled/scheduler/index.js:11:3606)
    at MessagePort.performWorkUntilDeadline (webpack-internal:///(app-client)/./node_modules/next/dist/compiled/scheduler/index.js:11:1787)
[  245060ms] ReferenceError: DynamicStars is not defined
    at Home (webpack-internal:///(app-client)/./src/app/page.jsx:187:107)
    at renderWithHooks (webpack-internal:///(app-client)/./node_modules/next/dist/compiled/react-dom/cjs/react-dom.development.js:17498:18)
    at updateFunctionComponent (webpack-internal:///(app-client)/./node_modules/next/dist/compiled/react-dom/cjs/react-dom.development.js:21990:20)
    at mountLazyComponent (webpack-internal:///(app-client)/./node_modules/next/dist/compiled/react-dom/cjs/react-dom.development.js:22438:17)
    at beginWork$1 (webpack-internal:///(app-client)/./node_modules/next/dist/compiled/react-dom/cjs/react-dom.development.js:24134:16)
    at HTMLUnknownElement.callCallback (webpack-internal:///(app-client)/./node_modules/next/dist/compiled/react-dom/cjs/react-dom.development.js:4443:14)
    at Object.invokeGuardedCallbackDev (webpack-internal:///(app-client)/./node_modules/next/dist/compiled/react-dom/cjs/react-dom.development.js:4492:16)
    at invokeGuardedCallback (webpack-internal:///(app-client)/./node_modules/next/dist/compiled/react-dom/cjs/react-dom.development.js:4556:31)
    at beginWork (webpack-internal:///(app-client)/./node_modules/next/dist/compiled/react-dom/cjs/react-dom.development.js:32062:7)
    at performUnitOfWork (webpack-internal:///(app-client)/./node_modules/next/dist/compiled/react-dom/cjs/react-dom.development.js:30938:12)
    at workLoopSync (webpack-internal:///(app-client)/./node_modules/next/dist/compiled/react-dom/cjs/react-dom.development.js:30724:5)
    at renderRootSync (webpack-internal:///(app-client)/./node_modules/next/dist/compiled/react-dom/cjs/react-dom.development.js:30689:7)
    at recoverFromConcurrentError (webpack-internal:///(app-client)/./node_modules/next/dist/compiled/react-dom/cjs/react-dom.development.js:29950:20)
    at performConcurrentWorkOnRoot (webpack-internal:///(app-client)/./node_modules/next/dist/compiled/react-dom/cjs/react-dom.development.js:29849:22)
    at workLoop (webpack-internal:///(app-client)/./node_modules/next/dist/compiled/scheduler/index.js:11:3897)
    at flushWork (webpack-internal:///(app-client)/./node_modules/next/dist/compiled/scheduler/index.js:11:3606)
    at MessagePort.performWorkUntilDeadline (webpack-internal:///(app-client)/./node_modules/next/dist/compiled/scheduler/index.js:11:1787)
[  245061ms] ReferenceError: DynamicStars is not defined
    at Home (webpack-internal:///(app-client)/./src/app/page.jsx:187:107)
    at renderWithHooks (webpack-internal:///(app-client)/./node_modules/next/dist/compiled/react-dom/cjs/react-dom.development.js:17498:18)
    at updateFunctionComponent (webpack-internal:///(app-client)/./node_modules/next/dist/compiled/react-dom/cjs/react-dom.development.js:21990:20)
    at mountLazyComponent (webpack-internal:///(app-client)/./node_modules/next/dist/compiled/react-dom/cjs/react-dom.development.js:22438:17)
    at beginWork$1 (webpack-internal:///(app-client)/./node_modules/next/dist/compiled/react-dom/cjs/react-dom.development.js:24134:16)
    at beginWork (webpack-internal:///(app-client)/./node_modules/next/dist/compiled/react-dom/cjs/react-dom.development.js:32040:14)
    at performUnitOfWork (webpack-internal:///(app-client)/./node_modules/next/dist/compiled/react-dom/cjs/react-dom.development.js:30938:12)
    at workLoopSync (webpack-internal:///(app-client)/./node_modules/next/dist/compiled/react-dom/cjs/react-dom.development.js:30724:5)
    at renderRootSync (webpack-internal:///(app-client)/./node_modules/next/dist/compiled/react-dom/cjs/react-dom.development.js:30689:7)
    at recoverFromConcurrentError (webpack-internal:///(app-client)/./node_modules/next/dist/compiled/react-dom/cjs/react-dom.development.js:29950:20)
    at performConcurrentWorkOnRoot (webpack-internal:///(app-client)/./node_modules/next/dist/compiled/react-dom/cjs/react-dom.development.js:29849:22)
    at workLoop (webpack-internal:///(app-client)/./node_modules/next/dist/compiled/scheduler/index.js:11:3897)
    at flushWork (webpack-internal:///(app-client)/./node_modules/next/dist/compiled/scheduler/index.js:11:3606)
    at MessagePort.performWorkUntilDeadline (webpack-internal:///(app-client)/./node_modules/next/dist/compiled/scheduler/index.js:11:1787)
[  245061ms] ReferenceError: DynamicStars is not defined
    at Home (webpack-internal:///(app-client)/./src/app/page.jsx:187:107)
    at renderWithHooks (webpack-internal:///(app-client)/./node_modules/next/dist/compiled/react-dom/cjs/react-dom.development.js:17498:18)
    at updateFunctionComponent (webpack-internal:///(app-client)/./node_modules/next/dist/compiled/react-dom/cjs/react-dom.development.js:21990:20)
    at mountLazyComponent (webpack-internal:///(app-client)/./node_modules/next/dist/compiled/react-dom/cjs/react-dom.development.js:22438:17)
    at beginWork$1 (webpack-internal:///(app-client)/./node_modules/next/dist/compiled/react-dom/cjs/react-dom.development.js:24134:16)
    at beginWork (webpack-internal:///(app-client)/./node_modules/next/dist/compiled/react-dom/cjs/react-dom.development.js:32040:14)
    at performUnitOfWork (webpack-internal:///(app-client)/./node_modules/next/dist/compiled/react-dom/cjs/react-dom.development.js:30938:12)
    at workLoopSync (webpack-internal:///(app-client)/./node_modules/next/dist/compiled/react-dom/cjs/react-dom.development.js:30724:5)
    at renderRootSync (webpack-internal:///(app-client)/./node_modules/next/dist/compiled/react-dom/cjs/react-dom.development.js:30689:7)
    at recoverFromConcurrentError (webpack-internal:///(app-client)/./node_modules/next/dist/compiled/react-dom/cjs/react-dom.development.js:29950:20)
    at performConcurrentWorkOnRoot (webpack-internal:///(app-client)/./node_modules/next/dist/compiled/react-dom/cjs/react-dom.development.js:29849:22)
    at workLoop (webpack-internal:///(app-client)/./node_modules/next/dist/compiled/scheduler/index.js:11:3897)
    at flushWork (webpack-internal:///(app-client)/./node_modules/next/dist/compiled/scheduler/index.js:11:3606)
    at MessagePort.performWorkUntilDeadline (webpack-internal:///(app-client)/./node_modules/next/dist/compiled/scheduler/index.js:11:1787)
[  245064ms] [ERROR] The above error occurred in the <NotFoundErrorBoundary> component:

    at NotFoundErrorBoundary (webpack-internal:///(app-client)/./node_modules/next/dist/client/components/layout-router.js:397:9)
    at NotFoundBoundary (webpack-internal:///(app-client)/./node_modules/next/dist/client/components/layout-router.js:404:11)
    at Suspense
    at LoadingBoundary (webpack-internal:///(app-client)/./node_modules/next/dist/client/components/layout-router.js:317:11)
    at ErrorBoundary (webpack-internal:///(app-client)/./node_modules/next/dist/client/components/error-boundary.js:72:11)
    at RenderFromTemplateContext (webpack-internal:///(app-client)/./node_modules/next/dist/client/components/render-from-template-context.js:12:34)
    at div
    at MotionDOMComponent (webpack-internal:///(app-client)/./node_modules/framer-motion/dist/es/motion/index.mjs:64:65)
    at Template (webpack-internal:///(app-client)/./src/app/template.jsx:14:11)
    at OuterLayoutRouter (webpack-internal:///(app-client)/./node_modules/next/dist/client/components/layout-router.js:23:11)
    at LenisProvider (webpack-internal:///(app-client)/./src/app/components/LenisProvider.jsx:14:11)
    at body
    at html
    at ReactDevOverlay (webpack-internal:///(app-client)/./node_modules/next/dist/client/components/react-dev-overlay/internal/ReactDevOverlay.js:61:9)
    at HotReload (webpack-internal:///(app-client)/./node_modules/next/dist/client/components/react-dev-overlay/hot-reloader-client.js:20:11)
    at Router (webpack-internal:///(app-client)/./node_modules/next/dist/client/components/app-router.js:48:11)
    at ErrorBoundaryHandler (webpack-internal:///(app-client)/./node_modules/next/dist/client/components/error-boundary.js:59:9)
    at ErrorBoundary (webpack-internal:///(app-client)/./node_modules/next/dist/client/components/error-boundary.js:72:11)
    at AppRouter (webpack-internal:///(app-client)/./node_modules/next/dist/client/components/app-router.js:24:13)
    at ServerRoot (webpack-internal:///(app-client)/./node_modules/next/dist/client/app-index.js:147:11)
    at RSCComponent
    at Root (webpack-internal:///(app-client)/./node_modules/next/dist/client/app-index.js:164:11)

React will try to recreate this component tree from scratch using the error boundary you provided, ReactDevOverlay. @ :0
[  245297ms] [LOG] [Fast Refresh] rebuilding @ webpack-internal:///(app-client)/./node_modules/next/dist/client/components/react-dev-overlay/hot-reloader-client.js:228
[  245442ms] [WARNING] [Fast Refresh] performing full reload because your application had an unrecoverable error @ webpack-internal:///(app-client)/./node_modules/next/dist/client/components/react-dev-overlay/hot-reloader-client.js:186
[  245596ms] [LOG] [Fast Refresh] rebuilding @ webpack-internal:///(app-client)/./node_modules/next/dist/client/components/react-dev-overlay/hot-reloader-client.js:228
[  246398ms] [ERROR] Failed to load resource: the server responded with a status of 500 (Internal Server Error) @ http://localhost:3000/favicon.ico:0
[  246491ms] [LOG] %c Console Ninja extension is connected to Next.js browser, background: rgb(30,30,30); color: rgb(255,213,92) see https://tinyurl.com/2vt8jxzw for more info. @ :0
[  246619ms] [INFO] %cDownload the React DevTools for a better development experience: https://reactjs.org/link/react-devtools font-weight:bold @ webpack-internal:///(app-client)/./node_modules/next/dist/compiled/react-dom/cjs/react-dom.development.js:34531
[  246699ms] Error: DynamicStars is not defined
    at updateDehydratedSuspenseComponent (webpack-internal:///(app-client)/./node_modules/next/dist/compiled/react-dom/cjs/react-dom.development.js:23164:17)
    at updateSuspenseComponent (webpack-internal:///(app-client)/./node_modules/next/dist/compiled/react-dom/cjs/react-dom.development.js:22864:16)
    at beginWork$1 (webpack-internal:///(app-client)/./node_modules/next/dist/compiled/react-dom/cjs/react-dom.development.js:24179:14)
    at beginWork (webpack-internal:///(app-client)/./node_modules/next/dist/compiled/react-dom/cjs/react-dom.development.js:32040:14)
    at performUnitOfWork (webpack-internal:///(app-client)/./node_modules/next/dist/compiled/react-dom/cjs/react-dom.development.js:30938:12)
    at workLoopSync (webpack-internal:///(app-client)/./node_modules/next/dist/compiled/react-dom/cjs/react-dom.development.js:30724:5)
    at renderRootSync (webpack-internal:///(app-client)/./node_modules/next/dist/compiled/react-dom/cjs/react-dom.development.js:30689:7)
    at performConcurrentWorkOnRoot (webpack-internal:///(app-client)/./node_modules/next/dist/compiled/react-dom/cjs/react-dom.development.js:29836:74)
    at workLoop (webpack-internal:///(app-client)/./node_modules/next/dist/compiled/scheduler/index.js:11:3897)
    at flushWork (webpack-internal:///(app-client)/./node_modules/next/dist/compiled/scheduler/index.js:11:3606)
    at MessagePort.performWorkUntilDeadline (webpack-internal:///(app-client)/./node_modules/next/dist/compiled/scheduler/index.js:11:1787)
[  246872ms] [ERROR] Warning: Cannot update a component (`%s`) while rendering a different component (`%s`). To locate the bad setState() call inside `%s`, follow the stack trace as described in https://reactjs.org/link/setstate-in-render%s HotReload Home Home 
    at Home (webpack-internal:///(app-client)/./src/app/page.jsx:187:107)
    at ScrollAndFocusHandler (webpack-internal:///(app-client)/./node_modules/next/dist/client/components/layout-router.js:153:1)
    at InnerLayoutRouter (webpack-internal:///(app-client)/./node_modules/next/dist/client/components/layout-router.js:195:11)
    at RedirectErrorBoundary (webpack-internal:///(app-client)/./node_modules/next/dist/client/components/layout-router.js:361:9)
    at RedirectBoundary (webpack-internal:///(app-client)/./node_modules/next/dist/client/components/layout-router.js:368:11)
    at NotFoundErrorBoundary (webpack-internal:///(app-client)/./node_modules/next/dist/client/components/layout-router.js:397:9)
    at NotFoundBoundary (webpack-internal:///(app-client)/./node_modules/next/dist/client/components/layout-router.js:404:11)
    at Suspense
    at LoadingBoundary (webpack-internal:///(app-client)/./node_modules/next/dist/client/components/layout-router.js:317:11)
    at ErrorBoundary (webpack-internal:///(app-client)/./node_modules/next/dist/client/components/error-boundary.js:72:11)
    at RenderFromTemplateContext (webpack-internal:///(app-client)/./node_modules/next/dist/client/components/render-from-template-context.js:12:34)
    at div
    at MotionDOMComponent (webpack-internal:///(app-client)/./node_modules/framer-motion/dist/es/motion/index.mjs:64:65)
    at Template (webpack-internal:///(app-client)/./src/app/template.jsx:14:11)
    at OuterLayoutRouter (webpack-internal:///(app-client)/./node_modules/next/dist/client/components/layout-router.js:23:11)
    at LenisProvider (webpack-internal:///(app-client)/./src/app/components/LenisProvider.jsx:14:11)
    at body
    at html
    at ReactDevOverlay (webpack-internal:///(app-client)/./node_modules/next/dist/client/components/react-dev-overlay/internal/ReactDevOverlay.js:61:9)
    at HotReload (webpack-internal:///(app-client)/./node_modules/next/dist/client/components/react-dev-overlay/hot-reloader-client.js:20:11)
    at Router (webpack-internal:///(app-client)/./node_modules/next/dist/client/components/app-router.js:48:11)
    at ErrorBoundaryHandler (webpack-internal:///(app-client)/./node_modules/next/dist/client/components/error-boundary.js:59:9)
    at ErrorBoundary (webpack-internal:///(app-client)/./node_modules/next/dist/client/components/error-boundary.js:72:11)
    at AppRouter (webpack-internal:///(app-client)/./node_modules/next/dist/client/components/app-router.js:24:13)
    at ServerRoot (webpack-internal:///(app-client)/./node_modules/next/dist/client/app-index.js:147:11)
    at RSCComponent
    at Root (webpack-internal:///(app-client)/./node_modules/next/dist/client/app-index.js:164:11) @ :0
[  246873ms] ReferenceError: DynamicStars is not defined
    at Home (webpack-internal:///(app-client)/./src/app/page.jsx:187:107)
    at renderWithHooks (webpack-internal:///(app-client)/./node_modules/next/dist/compiled/react-dom/cjs/react-dom.development.js:17498:18)
    at updateFunctionComponent (webpack-internal:///(app-client)/./node_modules/next/dist/compiled/react-dom/cjs/react-dom.development.js:21990:20)
    at mountLazyComponent (webpack-internal:///(app-client)/./node_modules/next/dist/compiled/react-dom/cjs/react-dom.development.js:22438:17)
    at beginWork$1 (webpack-internal:///(app-client)/./node_modules/next/dist/compiled/react-dom/cjs/react-dom.development.js:24134:16)
    at HTMLUnknownElement.callCallback (webpack-internal:///(app-client)/./node_modules/next/dist/compiled/react-dom/cjs/react-dom.development.js:4443:14)
    at Object.invokeGuardedCallbackDev (webpack-internal:///(app-client)/./node_modules/next/dist/compiled/react-dom/cjs/react-dom.development.js:4492:16)
    at invokeGuardedCallback (webpack-internal:///(app-client)/./node_modules/next/dist/compiled/react-dom/cjs/react-dom.development.js:4556:31)
    at beginWork (webpack-internal:///(app-client)/./node_modules/next/dist/compiled/react-dom/cjs/react-dom.development.js:32062:7)
    at performUnitOfWork (webpack-internal:///(app-client)/./node_modules/next/dist/compiled/react-dom/cjs/react-dom.development.js:30938:12)
    at workLoopConcurrent (webpack-internal:///(app-client)/./node_modules/next/dist/compiled/react-dom/cjs/react-dom.development.js:30924:5)
    at renderRootConcurrent (webpack-internal:///(app-client)/./node_modules/next/dist/compiled/react-dom/cjs/react-dom.development.js:30880:9)
    at performConcurrentWorkOnRoot (webpack-internal:///(app-client)/./node_modules/next/dist/compiled/react-dom/cjs/react-dom.development.js:29836:38)
    at workLoop (webpack-internal:///(app-client)/./node_modules/next/dist/compiled/scheduler/index.js:11:3897)
    at flushWork (webpack-internal:///(app-client)/./node_modules/next/dist/compiled/scheduler/index.js:11:3606)
    at MessagePort.performWorkUntilDeadline (webpack-internal:///(app-client)/./node_modules/next/dist/compiled/scheduler/index.js:11:1787)
[  246873ms] ReferenceError: DynamicStars is not defined
    at Home (webpack-internal:///(app-client)/./src/app/page.jsx:187:107)
    at renderWithHooks (webpack-internal:///(app-client)/./node_modules/next/dist/compiled/react-dom/cjs/react-dom.development.js:17498:18)
    at updateFunctionComponent (webpack-internal:///(app-client)/./node_modules/next/dist/compiled/react-dom/cjs/react-dom.development.js:21990:20)
    at mountLazyComponent (webpack-internal:///(app-client)/./node_modules/next/dist/compiled/react-dom/cjs/react-dom.development.js:22438:17)
    at beginWork$1 (webpack-internal:///(app-client)/./node_modules/next/dist/compiled/react-dom/cjs/react-dom.development.js:24134:16)
    at beginWork (webpack-internal:///(app-client)/./node_modules/next/dist/compiled/react-dom/cjs/react-dom.development.js:32040:14)
    at performUnitOfWork (webpack-internal:///(app-client)/./node_modules/next/dist/compiled/react-dom/cjs/react-dom.development.js:30938:12)
    at workLoopConcurrent (webpack-internal:///(app-client)/./node_modules/next/dist/compiled/react-dom/cjs/react-dom.development.js:30924:5)
    at renderRootConcurrent (webpack-internal:///(app-client)/./node_modules/next/dist/compiled/react-dom/cjs/react-dom.development.js:30880:9)
    at performConcurrentWorkOnRoot (webpack-internal:///(app-client)/./node_modules/next/dist/compiled/react-dom/cjs/react-dom.development.js:29836:38)
    at workLoop (webpack-internal:///(app-client)/./node_modules/next/dist/compiled/scheduler/index.js:11:3897)
    at flushWork (webpack-internal:///(app-client)/./node_modules/next/dist/compiled/scheduler/index.js:11:3606)
    at MessagePort.performWorkUntilDeadline (webpack-internal:///(app-client)/./node_modules/next/dist/compiled/scheduler/index.js:11:1787)
[  246873ms] ReferenceError: DynamicStars is not defined
    at Home (webpack-internal:///(app-client)/./src/app/page.jsx:187:107)
    at renderWithHooks (webpack-internal:///(app-client)/./node_modules/next/dist/compiled/react-dom/cjs/react-dom.development.js:17498:18)
    at updateFunctionComponent (webpack-internal:///(app-client)/./node_modules/next/dist/compiled/react-dom/cjs/react-dom.development.js:21990:20)
    at mountLazyComponent (webpack-internal:///(app-client)/./node_modules/next/dist/compiled/react-dom/cjs/react-dom.development.js:22438:17)
    at beginWork$1 (webpack-internal:///(app-client)/./node_modules/next/dist/compiled/react-dom/cjs/react-dom.development.js:24134:16)
    at beginWork (webpack-internal:///(app-client)/./node_modules/next/dist/compiled/react-dom/cjs/react-dom.development.js:32040:14)
    at performUnitOfWork (webpack-internal:///(app-client)/./node_modules/next/dist/compiled/react-dom/cjs/react-dom.development.js:30938:12)
    at workLoopConcurrent (webpack-internal:///(app-client)/./node_modules/next/dist/compiled/react-dom/cjs/react-dom.development.js:30924:5)
    at renderRootConcurrent (webpack-internal:///(app-client)/./node_modules/next/dist/compiled/react-dom/cjs/react-dom.development.js:30880:9)
    at performConcurrentWorkOnRoot (webpack-internal:///(app-client)/./node_modules/next/dist/compiled/react-dom/cjs/react-dom.development.js:29836:38)
    at workLoop (webpack-internal:///(app-client)/./node_modules/next/dist/compiled/scheduler/index.js:11:3897)
    at flushWork (webpack-internal:///(app-client)/./node_modules/next/dist/compiled/scheduler/index.js:11:3606)
    at MessagePort.performWorkUntilDeadline (webpack-internal:///(app-client)/./node_modules/next/dist/compiled/scheduler/index.js:11:1787)
[  246875ms] ReferenceError: DynamicStars is not defined
    at Home (webpack-internal:///(app-client)/./src/app/page.jsx:187:107)
    at renderWithHooks (webpack-internal:///(app-client)/./node_modules/next/dist/compiled/react-dom/cjs/react-dom.development.js:17498:18)
    at updateFunctionComponent (webpack-internal:///(app-client)/./node_modules/next/dist/compiled/react-dom/cjs/react-dom.development.js:21990:20)
    at mountLazyComponent (webpack-internal:///(app-client)/./node_modules/next/dist/compiled/react-dom/cjs/react-dom.development.js:22438:17)
    at beginWork$1 (webpack-internal:///(app-client)/./node_modules/next/dist/compiled/react-dom/cjs/react-dom.development.js:24134:16)
    at HTMLUnknownElement.callCallback (webpack-internal:///(app-client)/./node_modules/next/dist/compiled/react-dom/cjs/react-dom.development.js:4443:14)
    at Object.invokeGuardedCallbackDev (webpack-internal:///(app-client)/./node_modules/next/dist/compiled/react-dom/cjs/react-dom.development.js:4492:16)
    at invokeGuardedCallback (webpack-internal:///(app-client)/./node_modules/next/dist/compiled/react-dom/cjs/react-dom.development.js:4556:31)
    at beginWork (webpack-internal:///(app-client)/./node_modules/next/dist/compiled/react-dom/cjs/react-dom.development.js:32062:7)
    at performUnitOfWork (webpack-internal:///(app-client)/./node_modules/next/dist/compiled/react-dom/cjs/react-dom.development.js:30938:12)
    at workLoopSync (webpack-internal:///(app-client)/./node_modules/next/dist/compiled/react-dom/cjs/react-dom.development.js:30724:5)
    at renderRootSync (webpack-internal:///(app-client)/./node_modules/next/dist/compiled/react-dom/cjs/react-dom.development.js:30689:7)
    at recoverFromConcurrentError (webpack-internal:///(app-client)/./node_modules/next/dist/compiled/react-dom/cjs/react-dom.development.js:29950:20)
    at performConcurrentWorkOnRoot (webpack-internal:///(app-client)/./node_modules/next/dist/compiled/react-dom/cjs/react-dom.development.js:29849:22)
    at workLoop (webpack-internal:///(app-client)/./node_modules/next/dist/compiled/scheduler/index.js:11:3897)
    at flushWork (webpack-internal:///(app-client)/./node_modules/next/dist/compiled/scheduler/index.js:11:3606)
    at MessagePort.performWorkUntilDeadline (webpack-internal:///(app-client)/./node_modules/next/dist/compiled/scheduler/index.js:11:1787)
[  246875ms] ReferenceError: DynamicStars is not defined
    at Home (webpack-internal:///(app-client)/./src/app/page.jsx:187:107)
    at renderWithHooks (webpack-internal:///(app-client)/./node_modules/next/dist/compiled/react-dom/cjs/react-dom.development.js:17498:18)
    at updateFunctionComponent (webpack-internal:///(app-client)/./node_modules/next/dist/compiled/react-dom/cjs/react-dom.development.js:21990:20)
    at mountLazyComponent (webpack-internal:///(app-client)/./node_modules/next/dist/compiled/react-dom/cjs/react-dom.development.js:22438:17)
    at beginWork$1 (webpack-internal:///(app-client)/./node_modules/next/dist/compiled/react-dom/cjs/react-dom.development.js:24134:16)
    at beginWork (webpack-internal:///(app-client)/./node_modules/next/dist/compiled/react-dom/cjs/react-dom.development.js:32040:14)
    at performUnitOfWork (webpack-internal:///(app-client)/./node_modules/next/dist/compiled/react-dom/cjs/react-dom.development.js:30938:12)
    at workLoopSync (webpack-internal:///(app-client)/./node_modules/next/dist/compiled/react-dom/cjs/react-dom.development.js:30724:5)
    at renderRootSync (webpack-internal:///(app-client)/./node_modules/next/dist/compiled/react-dom/cjs/react-dom.development.js:30689:7)
    at recoverFromConcurrentError (webpack-internal:///(app-client)/./node_modules/next/dist/compiled/react-dom/cjs/react-dom.development.js:29950:20)
    at performConcurrentWorkOnRoot (webpack-internal:///(app-client)/./node_modules/next/dist/compiled/react-dom/cjs/react-dom.development.js:29849:22)
    at workLoop (webpack-internal:///(app-client)/./node_modules/next/dist/compiled/scheduler/index.js:11:3897)
    at flushWork (webpack-internal:///(app-client)/./node_modules/next/dist/compiled/scheduler/index.js:11:3606)
    at MessagePort.performWorkUntilDeadline (webpack-internal:///(app-client)/./node_modules/next/dist/compiled/scheduler/index.js:11:1787)
[  246875ms] ReferenceError: DynamicStars is not defined
    at Home (webpack-internal:///(app-client)/./src/app/page.jsx:187:107)
    at renderWithHooks (webpack-internal:///(app-client)/./node_modules/next/dist/compiled/react-dom/cjs/react-dom.development.js:17498:18)
    at updateFunctionComponent (webpack-internal:///(app-client)/./node_modules/next/dist/compiled/react-dom/cjs/react-dom.development.js:21990:20)
    at mountLazyComponent (webpack-internal:///(app-client)/./node_modules/next/dist/compiled/react-dom/cjs/react-dom.development.js:22438:17)
    at beginWork$1 (webpack-internal:///(app-client)/./node_modules/next/dist/compiled/react-dom/cjs/react-dom.development.js:24134:16)
    at beginWork (webpack-internal:///(app-client)/./node_modules/next/dist/compiled/react-dom/cjs/react-dom.development.js:32040:14)
    at performUnitOfWork (webpack-internal:///(app-client)/./node_modules/next/dist/compiled/react-dom/cjs/react-dom.development.js:30938:12)
    at workLoopSync (webpack-internal:///(app-client)/./node_modules/next/dist/compiled/react-dom/cjs/react-dom.development.js:30724:5)
    at renderRootSync (webpack-internal:///(app-client)/./node_modules/next/dist/compiled/react-dom/cjs/react-dom.development.js:30689:7)
    at recoverFromConcurrentError (webpack-internal:///(app-client)/./node_modules/next/dist/compiled/react-dom/cjs/react-dom.development.js:29950:20)
    at performConcurrentWorkOnRoot (webpack-internal:///(app-client)/./node_modules/next/dist/compiled/react-dom/cjs/react-dom.development.js:29849:22)
    at workLoop (webpack-internal:///(app-client)/./node_modules/next/dist/compiled/scheduler/index.js:11:3897)
    at flushWork (webpack-internal:///(app-client)/./node_modules/next/dist/compiled/scheduler/index.js:11:3606)
    at MessagePort.performWorkUntilDeadline (webpack-internal:///(app-client)/./node_modules/next/dist/compiled/scheduler/index.js:11:1787)
[  246877ms] [ERROR] The above error occurred in the <NotFoundErrorBoundary> component:

    at NotFoundErrorBoundary (webpack-internal:///(app-client)/./node_modules/next/dist/client/components/layout-router.js:397:9)
    at NotFoundBoundary (webpack-internal:///(app-client)/./node_modules/next/dist/client/components/layout-router.js:404:11)
    at Suspense
    at LoadingBoundary (webpack-internal:///(app-client)/./node_modules/next/dist/client/components/layout-router.js:317:11)
    at ErrorBoundary (webpack-internal:///(app-client)/./node_modules/next/dist/client/components/error-boundary.js:72:11)
    at RenderFromTemplateContext (webpack-internal:///(app-client)/./node_modules/next/dist/client/components/render-from-template-context.js:12:34)
    at div
    at MotionDOMComponent (webpack-internal:///(app-client)/./node_modules/framer-motion/dist/es/motion/index.mjs:64:65)
    at Template (webpack-internal:///(app-client)/./src/app/template.jsx:14:11)
    at OuterLayoutRouter (webpack-internal:///(app-client)/./node_modules/next/dist/client/components/layout-router.js:23:11)
    at LenisProvider (webpack-internal:///(app-client)/./src/app/components/LenisProvider.jsx:14:11)
    at body
    at html
    at ReactDevOverlay (webpack-internal:///(app-client)/./node_modules/next/dist/client/components/react-dev-overlay/internal/ReactDevOverlay.js:61:9)
    at HotReload (webpack-internal:///(app-client)/./node_modules/next/dist/client/components/react-dev-overlay/hot-reloader-client.js:20:11)
    at Router (webpack-internal:///(app-client)/./node_modules/next/dist/client/components/app-router.js:48:11)
    at ErrorBoundaryHandler (webpack-internal:///(app-client)/./node_modules/next/dist/client/components/error-boundary.js:59:9)
    at ErrorBoundary (webpack-internal:///(app-client)/./node_modules/next/dist/client/components/error-boundary.js:72:11)
    at AppRouter (webpack-internal:///(app-client)/./node_modules/next/dist/client/components/app-router.js:24:13)
    at ServerRoot (webpack-internal:///(app-client)/./node_modules/next/dist/client/app-index.js:147:11)
    at RSCComponent
    at Root (webpack-internal:///(app-client)/./node_modules/next/dist/client/app-index.js:164:11)

React will try to recreate this component tree from scratch using the error boundary you provided, ReactDevOverlay. @ :0
[  247100ms] [ERROR] Failed to load resource: the server responded with a status of 500 (Internal Server Error) @ http://localhost:3000/favicon.ico:0
[  250101ms] [WARNING] The resource http://localhost:3000/_next/static/css/app/page.css was preloaded using link preload but not used within a few seconds from the window's load event. Please make sure it has an appropriate `as` value and it is preloaded intentionally. @ http://localhost:3000/:0
[  250101ms] [WARNING] The resource http://localhost:3000/_next/static/css/_app-client_src_app_components_experience_Experience_jsx.css was preloaded using link preload but not used within a few seconds from the window's load event. Please make sure it has an appropriate `as` value and it is preloaded intentionally. @ http://localhost:3000/:0
[  361927ms] [LOG] [Fast Refresh] rebuilding @ webpack-internal:///(app-client)/./node_modules/next/dist/client/components/react-dev-overlay/hot-reloader-client.js:228
[  362972ms] [WARNING] [Fast Refresh] performing full reload because your application had an unrecoverable error @ webpack-internal:///(app-client)/./node_modules/next/dist/client/components/react-dev-overlay/hot-reloader-client.js:186
[  363506ms] [LOG] %c Console Ninja extension is connected to Next.js browser, background: rgb(30,30,30); color: rgb(255,213,92) see https://tinyurl.com/2vt8jxzw for more info. @ :0
[  363646ms] [INFO] %cDownload the React DevTools for a better development experience: https://reactjs.org/link/react-devtools font-weight:bold @ webpack-internal:///(app-client)/./node_modules/next/dist/compiled/react-dom/cjs/react-dom.development.js:34531
[  363865ms] [LOG] [Fast Refresh] rebuilding @ webpack-internal:///(app-client)/./node_modules/next/dist/client/components/react-dev-overlay/hot-reloader-client.js:228
[  363926ms] [WARNING] Please ensure that the container has a non-static position, like 'relative', 'fixed', or 'absolute' to ensure scroll offset is calculated correctly. @ webpack-internal:///(app-client)/./node_modules/motion-utils/dist/es/warn-once.mjs:15
[  364280ms] [ERROR] Failed to load resource: the server responded with a status of 500 (Internal Server Error) @ http://localhost:3000/favicon.ico:0
